<?xml version="1.0" encoding="UTF-8"?>
<!-- Generated by org.testng.reporters.JUnitReportReporter -->
<testsuite hostname="RANJITH" failures="0" tests="2" name="testscript.JavaScriptExecuter" time="19.871" errors="0" timestamp="2025-06-04T20:39:56 IST" skipped="0">
  <testcase classname="testscript.JavaScriptExecuter" name="scroll" time="10.427"/>
  <testcase classname="testscript.JavaScriptExecuter" name="javaScriptExecutor" time="9.444"/>
</testsuite> <!-- testscript.JavaScriptExecuter -->
