<?xml version="1.0" encoding="UTF-8"?>
<!-- Generated by org.testng.reporters.JUnitReportReporter -->
<testsuite hostname="RANJITH" failures="0" tests="3" name="testscript.TestSample" time="12.112" errors="0" timestamp="2025-05-27T20:35:51 IST" skipped="0">
  <testcase classname="testscript.TestSample" name="display" time="4.170"/>
  <testcase classname="testscript.TestSample" name="add" time="3.879"/>
  <testcase classname="testscript.TestSample" name="show" time="4.063"/>
</testsuite> <!-- testscript.TestSample -->
