<?xml version="1.0" encoding="UTF-8"?>
<!-- Generated by org.testng.reporters.JUnitReportReporter -->
<testsuite hostname="RANJITH" failures="0" tests="2" name="testscript.JavaScriptExecuter" time="21.886" errors="0" timestamp="2025-06-08T10:51:49 IST" skipped="0">
  <testcase classname="testscript.JavaScriptExecuter" name="javaScriptExecutor" time="9.048"/>
  <testcase classname="testscript.JavaScriptExecuter" name="scroll" time="12.838"/>
</testsuite> <!-- testscript.JavaScriptExecuter -->
