<?xml version="1.0" encoding="UTF-8"?>
<!-- Generated by org.testng.reporters.JUnitReportReporter -->
<testsuite hostname="RANJITH" failures="0" tests="2" name="testscript.Annotations" time="0.016" errors="0" timestamp="2025-06-02T20:24:32 IST" skipped="0">
  <testcase classname="testscript.Annotations" name="Test2" time="0.004"/>
  <testcase classname="testscript.Annotations" name="Test1" time="0.012"/>
</testsuite> <!-- testscript.Annotations -->
