<?xml version="1.0" encoding="UTF-8"?>
<!-- Generated by org.testng.reporters.JUnitReportReporter -->
<testsuite hostname="RANJITH" failures="0" tests="2" name="testscript.FileUpload" time="21.467" errors="0" timestamp="2025-05-29T23:51:08 IST" skipped="0">
  <testcase classname="testscript.FileUpload" name="fileUploadUsingRobotClass" time="12.979"/>
  <testcase classname="testscript.FileUpload" name="fileUploadUsingSendKeys" time="8.488"/>
</testsuite> <!-- testscript.FileUpload -->
